<?xml version="1.0" encoding="UTF-8"?>
<testsuite name="portfolio.PortfolioTest" tests="1" skipped="0" failures="0" errors="0" timestamp="2020-03-07T14:52:12" hostname="DESKTOP-77GSM63" time="0.061">
  <properties/>
  <testcase name="testGetShare()" classname="portfolio.PortfolioTest" time="0.061"/>
  <system-out><![CDATA[]]></system-out>
  <system-err><![CDATA[]]></system-err>
</testsuite>
